\BOOKMARK [0][-]{chapter*.2}{\376\377\000I\000n\000t\000r\000o\000d\000u\000c\000t\000i\000o\000n}{}% 1
\BOOKMARK [0][-]{chapter.1}{\376\377\000E\000l\000e\000c\000t\000r\000o\000n\000-\000I\000o\000n\000\040\000C\000o\000l\000l\000i\000d\000e\000r}{}% 2
\BOOKMARK [1][-]{section.1.1}{\376\377\000F\000r\000o\000m\000\040\000R\000H\000I\000C\000\040\000t\000o\000\040\000E\000I\000C}{chapter.1}% 3
\BOOKMARK [1][-]{section.1.2}{\376\377\000f\000a\000c\000t\000s}{chapter.1}% 4
\BOOKMARK [1][-]{section.1.3}{\376\377\000C\000u\000r\000r\000e\000n\000t\000\040\000D\000e\000s\000i\000g\000n\000\040\000P\000l\000a\000n}{chapter.1}% 5
\BOOKMARK [1][-]{section.1.4}{\376\377\000A\000G\000S}{chapter.1}% 6
\BOOKMARK [1][-]{section.1.5}{\376\377\000R\000C\000S}{chapter.1}% 7
\BOOKMARK [1][-]{section.1.6}{\376\377\000C\000o\000o\000l\000i\000n\000g}{chapter.1}% 8
\BOOKMARK [0][-]{chapter.2}{\376\377\000P\000h\000y\000s\000i\000c\000s}{}% 9
\BOOKMARK [1][-]{section.2.1}{\376\377\000S\000c\000a\000t\000t\000e\000r\000i\000n\000g\000\040\000p\000r\000o\000c\000e\000s\000s\000e\000s}{chapter.2}% 10
\BOOKMARK [1][-]{section.2.2}{\376\377\000E\000T\000C}{chapter.2}% 11
\BOOKMARK [1][-]{section.2.3}{\376\377\000V\000a\000r\000i\000a\000b\000l\000e\000s\000\040\000a\000n\000d\000\040\000c\000o\000n\000s\000t\000a\000n\000t\000s}{chapter.2}% 12
\BOOKMARK [1][-]{section.2.4}{\376\377\000D\000e\000e\000p\000\040\000I\000n\000e\000l\000a\000s\000t\000i\000c\000\040\000S\000c\000a\000t\000t\000e\000r\000i\000n\000g\000?}{chapter.2}% 13
\BOOKMARK [1][-]{section.2.5}{\376\377\000M\000u\000l\000t\000i\000-\000D\000i\000m\000e\000n\000s\000i\000o\000n\000a\000l\000\040\000I\000m\000a\000g\000i\000n\000g\000\040\000o\000f\000\040\000t\000h\000e\000\040\000N\000u\000c\000l\000e\000o\000n}{chapter.2}% 14
\BOOKMARK [2][-]{subsection.2.5.1}{\376\377\000D\000V\000C\000S}{section.2.5}% 15
\BOOKMARK [1][-]{section.2.6}{\376\377\000D\000i\000f\000f\000r\000a\000c\000t\000i\000v\000e\000\040\000v\000e\000c\000t\000o\000r\000-\000m\000e\000s\000o\000n\000\040\000p\000r\000o\000d\000u\000c\000t\000i\000o\000n}{chapter.2}% 16
\BOOKMARK [0][-]{chapter.3}{\376\377\000e\000P\000I\000C\000\040\000E\000x\000p\000e\000r\000i\000m\000e\000n\000t}{}% 17
\BOOKMARK [1][-]{section.3.1}{\376\377\000M\000a\000g\000n\000e\000t\000\040\000S\000y\000s\000t\000e\000m\000s}{chapter.3}% 18
\BOOKMARK [1][-]{section.3.2}{\376\377\000T\000r\000a\000c\000k\000i\000n\000g}{chapter.3}% 19
\BOOKMARK [2][-]{subsection.3.2.1}{\376\377\000S\000i\000l\000i\000c\000o\000n\000\040\000V\000e\000r\000t\000e\000x\000\040\000T\000r\000a\000c\000k\000e\000r}{section.3.2}% 20
\BOOKMARK [2][-]{subsection.3.2.2}{\376\377\000M\000P\000G\000D}{section.3.2}% 21
\BOOKMARK [2][-]{subsection.3.2.3}{\376\377\000A\000C\000-\000L\000G\000A\000D\000\040\000\050\000T\000o\000F\000\051}{section.3.2}% 22
\BOOKMARK [1][-]{section.3.3}{\376\377\000P\000a\000r\000t\000i\000c\000l\000e\000\040\000I\000d\000e\000n\000t\000i\000f\000i\000c\000a\000t\000i\000o\000n\000\040\000\050\000P\000I\000D\000\051}{chapter.3}% 23
\BOOKMARK [2][-]{subsection.3.3.1}{\376\377\000p\000f\000R\000I\000C\000H}{section.3.3}% 24
\BOOKMARK [2][-]{subsection.3.3.2}{\376\377\000d\000R\000I\000C\000H}{section.3.3}% 25
\BOOKMARK [2][-]{subsection.3.3.3}{\376\377\000h\000p\000D\000I\000R\000C}{section.3.3}% 26
\BOOKMARK [1][-]{section.3.4}{\376\377\000E\000l\000e\000c\000t\000r\000o\000m\000a\000g\000n\000e\000t\000i\000c\000\040\000C\000a\000l\000o\000r\000i\000m\000e\000t\000r\000y}{chapter.3}% 27
\BOOKMARK [2][-]{subsection.3.4.1}{\376\377\000B\000a\000c\000k\000w\000a\000r\000d\000\040\000E\000n\000d\000c\000a\000p}{section.3.4}% 28
\BOOKMARK [2][-]{subsection.3.4.2}{\376\377\000B\000a\000r\000r\000e\000l}{section.3.4}% 29
\BOOKMARK [2][-]{subsection.3.4.3}{\376\377\000F\000o\000r\000w\000a\000r\000d\000\040\000E\000n\000d\000c\000a\000p}{section.3.4}% 30
\BOOKMARK [1][-]{section.3.5}{\376\377\000H\000a\000d\000r\000o\000n\000i\000c\000\040\000C\000a\000l\000o\000r\000i\000m\000e\000t\000r\000y}{chapter.3}% 31
\BOOKMARK [2][-]{subsection.3.5.1}{\376\377\000B\000a\000c\000k\000w\000a\000r\000d\000\040\000E\000n\000d\000c\000a\000p}{section.3.5}% 32
\BOOKMARK [2][-]{subsection.3.5.2}{\376\377\000B\000a\000r\000r\000e\000l}{section.3.5}% 33
\BOOKMARK [2][-]{subsection.3.5.3}{\376\377\000F\000o\000r\000w\000a\000r\000d\000\040\000E\000n\000d\000c\000a\000p}{section.3.5}% 34
\BOOKMARK [1][-]{section.3.6}{\376\377\000F\000a\000r\000\040\000B\000a\000c\000k\000w\000a\000r\000d\000\040\000D\000e\000t\000e\000c\000t\000o\000r\000s}{chapter.3}% 35
\BOOKMARK [2][-]{subsection.3.6.1}{\376\377\000L\000u\000m\000i\000n\000o\000s\000i\000t\000y\000\040\000d\000e\000t\000e\000c\000t\000o\000r\000s}{section.3.6}% 36
\BOOKMARK [2][-]{subsection.3.6.2}{\376\377\000L\000o\000w\000-\000Q\0002\000\040\000t\000a\000g\000g\000e\000r\000s}{section.3.6}% 37
\BOOKMARK [1][-]{section.3.7}{\376\377\000F\000a\000r\000\040\000F\000o\000r\000w\000a\000r\000d\000\040\000D\000e\000t\000e\000c\000t\000o\000r\000s}{chapter.3}% 38
\BOOKMARK [2][-]{subsection.3.7.1}{\376\377\000R\000o\000m\000a\000n\000\040\000p\000o\000t\000s\000\040\000a\000n\000d\000\040\000O\000f\000f\000-\000m\000o\000m\000e\000n\000t\000u\000m\000\040\000d\000e\000t\000e\000c\000t\000o\000r\000s}{section.3.7}% 39
\BOOKMARK [2][-]{subsection.3.7.2}{\376\377\000Z\000e\000r\000o\000-\000d\000e\000g\000r\000e\000e\000\040\000c\000a\000l\000o\000r\000i\000m\000e\000t\000e\000r\000s}{section.3.7}% 40
\BOOKMARK [0][-]{chapter.4}{\376\377\000n\000H\000C\000a\000l}{}% 41
\BOOKMARK [1][-]{section.4.1}{\376\377\000M\000o\000t\000i\000v\000a\000t\000i\000o\000n}{chapter.4}% 42
\BOOKMARK [1][-]{section.4.2}{\376\377\000C\000o\000n\000s\000t\000r\000u\000c\000t\000i\000o\000n}{chapter.4}% 43
\BOOKMARK [1][-]{section.4.3}{\376\377\000?}{chapter.4}% 44
\BOOKMARK [1][-]{section.4.4}{\376\377\000a\000n\000s\000w\000e\000r\000s}{chapter.4}% 45
\BOOKMARK [0][-]{chapter.5}{\376\377\000P\000r\000a\000c\000t\000i\000c\000a\000l\000\040\000w\000o\000r\000k}{}% 46
\BOOKMARK [1][-]{section.5.1}{\376\377\000C\000l\000u\000s\000t\000e\000r\000\040\000e\000x\000p\000l\000a\000n\000a\000t\000i\000o\000n\000?}{chapter.5}% 47
\BOOKMARK [1][-]{section.5.2}{\376\377\000M\000a\000t\000e\000r\000i\000a\000l\000\040\000p\000l\000o\000t\000s}{chapter.5}% 48
\BOOKMARK [1][-]{section.5.3}{\376\377\000t\000i\000l\000t\000?}{chapter.5}% 49
\BOOKMARK [1][-]{section.5.4}{\376\377\000S\000a\000r\000t\000r\000e\000\040\000M\000C\000\040\000g\000e\000n\000e\000r\000a\000t\000o\000r}{chapter.5}% 50
\BOOKMARK [1][-]{section.5.5}{\376\377\000p\000h\000i\000\040\000-\000\040\000K\000K\000\040\000p\000l\000o\000t\000s}{chapter.5}% 51
\BOOKMARK [0][-]{chapter*.17}{\376\377\000S\000u\000m\000m\000a\000r\000y}{}% 52
\BOOKMARK [0][-]{chapter*.18}{\376\377\000B\000i\000b\000l\000i\000o\000g\000r\000a\000p\000h\000y}{}% 53
